<?xml version="1.0" encoding="UTF-8"?>
<testsuite xmlns:xsi="http://www.w3.org/2001/XMLSchema-instance" xsi:noNamespaceSchemaLocation="https://maven.apache.org/surefire/maven-surefire-plugin/xsd/surefire-test-report-3.0.xsd" version="3.0" name="com.diary.DiaryTest" time="0.02" tests="5" errors="0" skipped="0" failures="0">
  <properties>
[...]
</properties>
  <testcase name="testToString" classname="com.diary.DiaryTest" time="0.002"/>
  <testcase name="testAddMultipleAuthors" classname="com.diary.DiaryTest" time="0.002"/>
  <testcase name="testAddAuthorByObject" classname="com.diary.DiaryTest" time="0.002"/>
  <testcase name="testAddAuthorByString" classname="com.diary.DiaryTest" time="0.002"/>
  <testcase name="testDiaryCreation" classname="com.diary.DiaryTest" time="0.002"/>
</testsuite>